data_size: 100000
三个hard
val acc: 74.10%		val auc: 74.13%		val f1: 74.00%
test acc: 71.31%	test auc: 71.27%	test f1: 72.39%
NB
data_size: 100000
val acc: 72.25%		val auc: 72.40%		val f1: 69.98%
test acc: 71.59%	test auc: 71.65%	test f1: 70.52%

data_size: 100000
val acc: 71.80%		val auc: 72.07%		val f1: 67.02%
test acc: 72.70%	test auc: 72.86%	test f1: 69.57%
NB + SVM soft
data_size: 100000
val acc: 74.10%		val auc: 74.17%		val f1: 73.41%
test acc: 71.87%	test auc: 71.89%	test f1: 71.71%

三个 softdata_size: 100000
val acc: 74.25%		val auc: 74.30%		val f1: 73.76%
test acc: 72.70%	test auc: 72.70%	test f1: 73.08%
data_size: 100000
val acc: 75.78%		val auc: 75.78%		val f1: 74.21%
test acc: 76.60%	test auc: 76.67%	test f1: 75.58%
